[2024-01-28T22:01:43.031Z] Request: /
[2024-01-28T22:01:46.052Z] Request: /_next/static/css/app/layout.css?v=1706479305580
[2024-01-28T22:01:46.106Z] Request: /_next/static/chunks/webpack.js?v=1706479305580
[2024-01-28T22:01:46.110Z] Request: /_next/static/chunks/main-app.js?v=1706479305580
[2024-01-28T22:01:46.112Z] Request: /_next/static/chunks/app-pages-internals.js
[2024-01-28T22:01:46.115Z] Request: /_next/static/chunks/app/layout.js
[2024-01-28T22:01:53.959Z] Request: /sign-in
[2024-01-28T22:01:54.933Z] Request: /_next/static/css/app/layout.css?v=1706479314744
[2024-01-28T22:01:54.940Z] Request: /_next/static/chunks/webpack.js?v=1706479314744
[2024-01-28T22:01:54.977Z] Request: /_next/static/chunks/main-app.js?v=1706479314744
[2024-01-28T22:01:54.978Z] Request: /_next/static/chunks/app-pages-internals.js
[2024-01-28T22:01:54.980Z] Request: /_next/static/chunks/app/(auth)/sign-in/page.js
[2024-01-28T22:01:54.982Z] Request: /_next/static/chunks/app/layout.js
[2024-01-28T22:01:56.811Z] Request: /api/auth/providers
[2024-01-28T22:01:58.081Z] Request: /api/auth/csrf
[2024-01-28T22:01:58.131Z] Request: /api/auth/signin/google?
[2024-01-28T22:02:03.743Z] Request: /api/auth/callback/google?code=4%2F0AfJohXmbppFT-F08MXBdRV6E5z74AdSPpMzba_oIjK4e9vvlMlAdNKY1R7_y5tmsptIBQg&scope=email+profile+openid+https%3A%2F%2Fwww.googleapis.com%2Fauth%2Fuserinfo.profile+https%3A%2F%2Fwww.googleapis.com%2Fauth%2Fuserinfo.email&authuser=1&prompt=consent
[2024-01-28T22:02:19.978Z] Request: /dashboard
[2024-01-28T22:02:22.662Z] Request: /_next/static/css/app/layout.css?v=1706479341012
[2024-01-28T22:02:22.741Z] Request: /_next/static/chunks/webpack.js?v=1706479341012
[2024-01-28T22:02:22.744Z] Request: /_next/static/chunks/main-app.js?v=1706479341012
[2024-01-28T22:02:22.746Z] Request: /_next/static/chunks/app-pages-internals.js
[2024-01-28T22:02:22.747Z] Request: /_next/static/chunks/app/layout.js
[2024-01-28T22:02:22.748Z] Request: /_next/static/chunks/app/dashboard/layout.js
